CRITICAL - 2023-06-23 14:48:21 --> Invalid file: "Sadra_32602100135.php"
in SYSTEMPATH\Exceptions\FrameworkException.php on line 33.
 1 SYSTEMPATH\View\View.php(201): CodeIgniter\Exceptions\FrameworkException::forInvalidFile('Sadra_32602100135.php')
 2 SYSTEMPATH\Common.php(1184): CodeIgniter\View\View->render('Sadra_32602100135', [], true)
 3 APPPATH\Controllers\LayoutController.php(9): view('Sadra_32602100135')
 4 SYSTEMPATH\CodeIgniter.php(934): App\Controllers\LayoutController->index()
 5 SYSTEMPATH\CodeIgniter.php(499): CodeIgniter\CodeIgniter->runController(Object(App\Controllers\LayoutController))
 6 SYSTEMPATH\CodeIgniter.php(368): CodeIgniter\CodeIgniter->handleRequest(null, Object(Config\Cache), false)
 7 FCPATH\index.php(67): CodeIgniter\CodeIgniter->run()
 8 SYSTEMPATH\Commands\Server\rewrite.php(47): require_once('C:\\xampp\\htdocs\\WebProgramming\\public\\index.php')
CRITICAL - 2023-06-23 14:48:22 --> Invalid file: "Sadra_32602100135.php"
in SYSTEMPATH\Exceptions\FrameworkException.php on line 33.
 1 SYSTEMPATH\View\View.php(201): CodeIgniter\Exceptions\FrameworkException::forInvalidFile('Sadra_32602100135.php')
 2 SYSTEMPATH\Common.php(1184): CodeIgniter\View\View->render('Sadra_32602100135', [], true)
 3 APPPATH\Controllers\LayoutController.php(9): view('Sadra_32602100135')
 4 SYSTEMPATH\CodeIgniter.php(934): App\Controllers\LayoutController->index()
 5 SYSTEMPATH\CodeIgniter.php(499): CodeIgniter\CodeIgniter->runController(Object(App\Controllers\LayoutController))
 6 SYSTEMPATH\CodeIgniter.php(368): CodeIgniter\CodeIgniter->handleRequest(null, Object(Config\Cache), false)
 7 FCPATH\index.php(67): CodeIgniter\CodeIgniter->run()
 8 SYSTEMPATH\Commands\Server\rewrite.php(47): require_once('C:\\xampp\\htdocs\\WebProgramming\\public\\index.php')
CRITICAL - 2023-06-23 15:11:00 --> Invalid file: "layout/32602100077_Giza.php"
in SYSTEMPATH\Exceptions\FrameworkException.php on line 33.
 1 SYSTEMPATH\View\View.php(201): CodeIgniter\Exceptions\FrameworkException::forInvalidFile('layout/32602100077_Giza.php')
 2 SYSTEMPATH\View\View.php(229): CodeIgniter\View\View->render('layout/32602100077_Giza', [], true)
 3 SYSTEMPATH\Common.php(1184): CodeIgniter\View\View->render('Giza_32602100077', [], true)
 4 APPPATH\Controllers\LayoutController.php(9): view('Giza_32602100077')
 5 SYSTEMPATH\CodeIgniter.php(934): App\Controllers\LayoutController->index()
 6 SYSTEMPATH\CodeIgniter.php(499): CodeIgniter\CodeIgniter->runController(Object(App\Controllers\LayoutController))
 7 SYSTEMPATH\CodeIgniter.php(368): CodeIgniter\CodeIgniter->handleRequest(null, Object(Config\Cache), false)
 8 FCPATH\index.php(67): CodeIgniter\CodeIgniter->run()
 9 SYSTEMPATH\Commands\Server\rewrite.php(47): require_once('C:\\xampp\\htdocs\\WebProgramming\\public\\index.php')
CRITICAL - 2023-06-23 15:11:01 --> Invalid file: "layout/32602100077_Giza.php"
in SYSTEMPATH\Exceptions\FrameworkException.php on line 33.
 1 SYSTEMPATH\View\View.php(201): CodeIgniter\Exceptions\FrameworkException::forInvalidFile('layout/32602100077_Giza.php')
 2 SYSTEMPATH\View\View.php(229): CodeIgniter\View\View->render('layout/32602100077_Giza', [], true)
 3 SYSTEMPATH\Common.php(1184): CodeIgniter\View\View->render('Giza_32602100077', [], true)
 4 APPPATH\Controllers\LayoutController.php(9): view('Giza_32602100077')
 5 SYSTEMPATH\CodeIgniter.php(934): App\Controllers\LayoutController->index()
 6 SYSTEMPATH\CodeIgniter.php(499): CodeIgniter\CodeIgniter->runController(Object(App\Controllers\LayoutController))
 7 SYSTEMPATH\CodeIgniter.php(368): CodeIgniter\CodeIgniter->handleRequest(null, Object(Config\Cache), false)
 8 FCPATH\index.php(67): CodeIgniter\CodeIgniter->run()
 9 SYSTEMPATH\Commands\Server\rewrite.php(47): require_once('C:\\xampp\\htdocs\\WebProgramming\\public\\index.php')
CRITICAL - 2023-06-23 15:11:52 --> Invalid file: "layout/32602100077_Giza.php"
in SYSTEMPATH\Exceptions\FrameworkException.php on line 33.
 1 SYSTEMPATH\View\View.php(201): CodeIgniter\Exceptions\FrameworkException::forInvalidFile('layout/32602100077_Giza.php')
 2 SYSTEMPATH\View\View.php(229): CodeIgniter\View\View->render('layout/32602100077_Giza', [], true)
 3 SYSTEMPATH\Common.php(1184): CodeIgniter\View\View->render('Giza_32602100077', [], true)
 4 APPPATH\Controllers\LayoutController.php(9): view('Giza_32602100077')
 5 SYSTEMPATH\CodeIgniter.php(934): App\Controllers\LayoutController->index()
 6 SYSTEMPATH\CodeIgniter.php(499): CodeIgniter\CodeIgniter->runController(Object(App\Controllers\LayoutController))
 7 SYSTEMPATH\CodeIgniter.php(368): CodeIgniter\CodeIgniter->handleRequest(null, Object(Config\Cache), false)
 8 FCPATH\index.php(67): CodeIgniter\CodeIgniter->run()
 9 SYSTEMPATH\Commands\Server\rewrite.php(47): require_once('C:\\xampp\\htdocs\\WebProgramming\\public\\index.php')
CRITICAL - 2023-06-23 15:11:53 --> Invalid file: "layout/32602100077_Giza.php"
in SYSTEMPATH\Exceptions\FrameworkException.php on line 33.
 1 SYSTEMPATH\View\View.php(201): CodeIgniter\Exceptions\FrameworkException::forInvalidFile('layout/32602100077_Giza.php')
 2 SYSTEMPATH\View\View.php(229): CodeIgniter\View\View->render('layout/32602100077_Giza', [], true)
 3 SYSTEMPATH\Common.php(1184): CodeIgniter\View\View->render('Giza_32602100077', [], true)
 4 APPPATH\Controllers\LayoutController.php(9): view('Giza_32602100077')
 5 SYSTEMPATH\CodeIgniter.php(934): App\Controllers\LayoutController->index()
 6 SYSTEMPATH\CodeIgniter.php(499): CodeIgniter\CodeIgniter->runController(Object(App\Controllers\LayoutController))
 7 SYSTEMPATH\CodeIgniter.php(368): CodeIgniter\CodeIgniter->handleRequest(null, Object(Config\Cache), false)
 8 FCPATH\index.php(67): CodeIgniter\CodeIgniter->run()
 9 SYSTEMPATH\Commands\Server\rewrite.php(47): require_once('C:\\xampp\\htdocs\\WebProgramming\\public\\index.php')
CRITICAL - 2023-06-23 15:14:15 --> Invalid file: "layout/Giza_32602100077.php"
in SYSTEMPATH\Exceptions\FrameworkException.php on line 33.
 1 SYSTEMPATH\View\View.php(201): CodeIgniter\Exceptions\FrameworkException::forInvalidFile('layout/Giza_32602100077.php')
 2 SYSTEMPATH\View\View.php(229): CodeIgniter\View\View->render('layout/Giza_32602100077', [], true)
 3 SYSTEMPATH\Common.php(1184): CodeIgniter\View\View->render('Giza_32602100077', [], true)
 4 APPPATH\Controllers\LayoutController.php(9): view('Giza_32602100077')
 5 SYSTEMPATH\CodeIgniter.php(934): App\Controllers\LayoutController->index()
 6 SYSTEMPATH\CodeIgniter.php(499): CodeIgniter\CodeIgniter->runController(Object(App\Controllers\LayoutController))
 7 SYSTEMPATH\CodeIgniter.php(368): CodeIgniter\CodeIgniter->handleRequest(null, Object(Config\Cache), false)
 8 FCPATH\index.php(67): CodeIgniter\CodeIgniter->run()
 9 SYSTEMPATH\Commands\Server\rewrite.php(47): require_once('C:\\xampp\\htdocs\\WebProgramming\\public\\index.php')
CRITICAL - 2023-06-23 15:14:16 --> Invalid file: "layout/Giza_32602100077.php"
in SYSTEMPATH\Exceptions\FrameworkException.php on line 33.
 1 SYSTEMPATH\View\View.php(201): CodeIgniter\Exceptions\FrameworkException::forInvalidFile('layout/Giza_32602100077.php')
 2 SYSTEMPATH\View\View.php(229): CodeIgniter\View\View->render('layout/Giza_32602100077', [], true)
 3 SYSTEMPATH\Common.php(1184): CodeIgniter\View\View->render('Giza_32602100077', [], true)
 4 APPPATH\Controllers\LayoutController.php(9): view('Giza_32602100077')
 5 SYSTEMPATH\CodeIgniter.php(934): App\Controllers\LayoutController->index()
 6 SYSTEMPATH\CodeIgniter.php(499): CodeIgniter\CodeIgniter->runController(Object(App\Controllers\LayoutController))
 7 SYSTEMPATH\CodeIgniter.php(368): CodeIgniter\CodeIgniter->handleRequest(null, Object(Config\Cache), false)
 8 FCPATH\index.php(67): CodeIgniter\CodeIgniter->run()
 9 SYSTEMPATH\Commands\Server\rewrite.php(47): require_once('C:\\xampp\\htdocs\\WebProgramming\\public\\index.php')
CRITICAL - 2023-06-23 15:14:16 --> Invalid file: "layout/Giza_32602100077.php"
in SYSTEMPATH\Exceptions\FrameworkException.php on line 33.
 1 SYSTEMPATH\View\View.php(201): CodeIgniter\Exceptions\FrameworkException::forInvalidFile('layout/Giza_32602100077.php')
 2 SYSTEMPATH\View\View.php(229): CodeIgniter\View\View->render('layout/Giza_32602100077', [], true)
 3 SYSTEMPATH\Common.php(1184): CodeIgniter\View\View->render('Giza_32602100077', [], true)
 4 APPPATH\Controllers\LayoutController.php(9): view('Giza_32602100077')
 5 SYSTEMPATH\CodeIgniter.php(934): App\Controllers\LayoutController->index()
 6 SYSTEMPATH\CodeIgniter.php(499): CodeIgniter\CodeIgniter->runController(Object(App\Controllers\LayoutController))
 7 SYSTEMPATH\CodeIgniter.php(368): CodeIgniter\CodeIgniter->handleRequest(null, Object(Config\Cache), false)
 8 FCPATH\index.php(67): CodeIgniter\CodeIgniter->run()
 9 SYSTEMPATH\Commands\Server\rewrite.php(47): require_once('C:\\xampp\\htdocs\\WebProgramming\\public\\index.php')
CRITICAL - 2023-06-23 15:14:16 --> Invalid file: "layout/Giza_32602100077.php"
in SYSTEMPATH\Exceptions\FrameworkException.php on line 33.
 1 SYSTEMPATH\View\View.php(201): CodeIgniter\Exceptions\FrameworkException::forInvalidFile('layout/Giza_32602100077.php')
 2 SYSTEMPATH\View\View.php(229): CodeIgniter\View\View->render('layout/Giza_32602100077', [], true)
 3 SYSTEMPATH\Common.php(1184): CodeIgniter\View\View->render('Giza_32602100077', [], true)
 4 APPPATH\Controllers\LayoutController.php(9): view('Giza_32602100077')
 5 SYSTEMPATH\CodeIgniter.php(934): App\Controllers\LayoutController->index()
 6 SYSTEMPATH\CodeIgniter.php(499): CodeIgniter\CodeIgniter->runController(Object(App\Controllers\LayoutController))
 7 SYSTEMPATH\CodeIgniter.php(368): CodeIgniter\CodeIgniter->handleRequest(null, Object(Config\Cache), false)
 8 FCPATH\index.php(67): CodeIgniter\CodeIgniter->run()
 9 SYSTEMPATH\Commands\Server\rewrite.php(47): require_once('C:\\xampp\\htdocs\\WebProgramming\\public\\index.php')
CRITICAL - 2023-06-23 15:14:16 --> Invalid file: "layout/Giza_32602100077.php"
in SYSTEMPATH\Exceptions\FrameworkException.php on line 33.
 1 SYSTEMPATH\View\View.php(201): CodeIgniter\Exceptions\FrameworkException::forInvalidFile('layout/Giza_32602100077.php')
 2 SYSTEMPATH\View\View.php(229): CodeIgniter\View\View->render('layout/Giza_32602100077', [], true)
 3 SYSTEMPATH\Common.php(1184): CodeIgniter\View\View->render('Giza_32602100077', [], true)
 4 APPPATH\Controllers\LayoutController.php(9): view('Giza_32602100077')
 5 SYSTEMPATH\CodeIgniter.php(934): App\Controllers\LayoutController->index()
 6 SYSTEMPATH\CodeIgniter.php(499): CodeIgniter\CodeIgniter->runController(Object(App\Controllers\LayoutController))
 7 SYSTEMPATH\CodeIgniter.php(368): CodeIgniter\CodeIgniter->handleRequest(null, Object(Config\Cache), false)
 8 FCPATH\index.php(67): CodeIgniter\CodeIgniter->run()
 9 SYSTEMPATH\Commands\Server\rewrite.php(47): require_once('C:\\xampp\\htdocs\\WebProgramming\\public\\index.php')
CRITICAL - 2023-06-23 15:14:16 --> Invalid file: "layout/Giza_32602100077.php"
in SYSTEMPATH\Exceptions\FrameworkException.php on line 33.
 1 SYSTEMPATH\View\View.php(201): CodeIgniter\Exceptions\FrameworkException::forInvalidFile('layout/Giza_32602100077.php')
 2 SYSTEMPATH\View\View.php(229): CodeIgniter\View\View->render('layout/Giza_32602100077', [], true)
 3 SYSTEMPATH\Common.php(1184): CodeIgniter\View\View->render('Giza_32602100077', [], true)
 4 APPPATH\Controllers\LayoutController.php(9): view('Giza_32602100077')
 5 SYSTEMPATH\CodeIgniter.php(934): App\Controllers\LayoutController->index()
 6 SYSTEMPATH\CodeIgniter.php(499): CodeIgniter\CodeIgniter->runController(Object(App\Controllers\LayoutController))
 7 SYSTEMPATH\CodeIgniter.php(368): CodeIgniter\CodeIgniter->handleRequest(null, Object(Config\Cache), false)
 8 FCPATH\index.php(67): CodeIgniter\CodeIgniter->run()
 9 SYSTEMPATH\Commands\Server\rewrite.php(47): require_once('C:\\xampp\\htdocs\\WebProgramming\\public\\index.php')
CRITICAL - 2023-06-23 15:16:06 --> Invalid file: "layout/32602100077_Giza.php"
in SYSTEMPATH\Exceptions\FrameworkException.php on line 33.
 1 SYSTEMPATH\View\View.php(201): CodeIgniter\Exceptions\FrameworkException::forInvalidFile('layout/32602100077_Giza.php')
 2 SYSTEMPATH\View\View.php(229): CodeIgniter\View\View->render('layout/32602100077_Giza', [], true)
 3 SYSTEMPATH\Common.php(1184): CodeIgniter\View\View->render('Giza_32602100077', [], true)
 4 APPPATH\Controllers\LayoutController.php(9): view('Giza_32602100077')
 5 SYSTEMPATH\CodeIgniter.php(934): App\Controllers\LayoutController->index()
 6 SYSTEMPATH\CodeIgniter.php(499): CodeIgniter\CodeIgniter->runController(Object(App\Controllers\LayoutController))
 7 SYSTEMPATH\CodeIgniter.php(368): CodeIgniter\CodeIgniter->handleRequest(null, Object(Config\Cache), false)
 8 FCPATH\index.php(67): CodeIgniter\CodeIgniter->run()
 9 SYSTEMPATH\Commands\Server\rewrite.php(47): require_once('C:\\xampp\\htdocs\\WebProgramming\\public\\index.php')
CRITICAL - 2023-06-23 15:16:07 --> Invalid file: "layout/32602100077_Giza.php"
in SYSTEMPATH\Exceptions\FrameworkException.php on line 33.
 1 SYSTEMPATH\View\View.php(201): CodeIgniter\Exceptions\FrameworkException::forInvalidFile('layout/32602100077_Giza.php')
 2 SYSTEMPATH\View\View.php(229): CodeIgniter\View\View->render('layout/32602100077_Giza', [], true)
 3 SYSTEMPATH\Common.php(1184): CodeIgniter\View\View->render('Giza_32602100077', [], true)
 4 APPPATH\Controllers\LayoutController.php(9): view('Giza_32602100077')
 5 SYSTEMPATH\CodeIgniter.php(934): App\Controllers\LayoutController->index()
 6 SYSTEMPATH\CodeIgniter.php(499): CodeIgniter\CodeIgniter->runController(Object(App\Controllers\LayoutController))
 7 SYSTEMPATH\CodeIgniter.php(368): CodeIgniter\CodeIgniter->handleRequest(null, Object(Config\Cache), false)
 8 FCPATH\index.php(67): CodeIgniter\CodeIgniter->run()
 9 SYSTEMPATH\Commands\Server\rewrite.php(47): require_once('C:\\xampp\\htdocs\\WebProgramming\\public\\index.php')
CRITICAL - 2023-06-23 15:19:56 --> Invalid file: "layout/32602100077_Giza.php"
in SYSTEMPATH\Exceptions\FrameworkException.php on line 33.
 1 SYSTEMPATH\View\View.php(201): CodeIgniter\Exceptions\FrameworkException::forInvalidFile('layout/32602100077_Giza.php')
 2 SYSTEMPATH\View\View.php(229): CodeIgniter\View\View->render('layout/32602100077_Giza', [], true)
 3 SYSTEMPATH\Common.php(1184): CodeIgniter\View\View->render('Giza_32602100077', [], true)
 4 APPPATH\Controllers\LayoutController.php(9): view('Giza_32602100077')
 5 SYSTEMPATH\CodeIgniter.php(934): App\Controllers\LayoutController->index()
 6 SYSTEMPATH\CodeIgniter.php(499): CodeIgniter\CodeIgniter->runController(Object(App\Controllers\LayoutController))
 7 SYSTEMPATH\CodeIgniter.php(368): CodeIgniter\CodeIgniter->handleRequest(null, Object(Config\Cache), false)
 8 FCPATH\index.php(67): CodeIgniter\CodeIgniter->run()
 9 SYSTEMPATH\Commands\Server\rewrite.php(47): require_once('C:\\xampp\\htdocs\\WebProgramming\\public\\index.php')
